# JRE version: OpenJDK Runtime Environment (11.0.12+7) (build 11.0.12+7-b1504.28-7817840)
# Java VM: OpenJDK 64-Bit Server VM (11.0.12+7-b1504.28-7817840, mixed mode, tiered, compressed oops, g1 gc, windows-amd64)
Heap:
 garbage-first heap   total 414720K, used 156541K [0x0000000080000000, 0x0000000100000000)
  region size 1024K, 10 young (10240K), 10 survivors (10240K)
 Metaspace       used 109115K, capacity 111767K, committed 111880K, reserved 1146880K
  class space    used 13939K, capacity 15001K, committed 15052K, reserved 1048576K
GC Heap History (20 events):
Event: 29.718 GC heap after
{Heap after GC invocations=33 (full 0):
 garbage-first heap   total 345088K, used 148633K [0x0000000080000000, 0x0000000100000000)
  region size 1024K, 4 young (4096K), 4 survivors (4096K)
 Metaspace       used 106864K, capacity 109290K, committed 109448K, reserved 1144832K
  class space    used 13669K, capacity 14622K, committed 14668K, reserved 1048576K
}
Event: 30.344 GC heap before
{Heap before GC invocations=33 (full 0):
 garbage-first heap   total 345088K, used 274585K [0x0000000080000000, 0x0000000100000000)
  region size 1024K, 127 young (130048K), 4 survivors (4096K)
 Metaspace       used 106944K, capacity 109368K, committed 109448K, reserved 1144832K
  class space    used 13670K, capacity 14623K, committed 14668K, reserved 1048576K
}
Event: 30.357 GC heap after
{Heap after GC invocations=34 (full 0):
 garbage-first heap   total 345088K, used 149162K [0x0000000080000000, 0x0000000100000000)
  region size 1024K, 5 young (5120K), 5 survivors (5120K)
 Metaspace       used 106944K, capacity 109368K, committed 109448K, reserved 1144832K
  class space    used 13670K, capacity 14623K, committed 14668K, reserved 1048576K
}
Event: 31.212 GC heap before
{Heap before GC invocations=34 (full 0):
 garbage-first heap   total 345088K, used 276138K [0x0000000080000000, 0x0000000100000000)
  region size 1024K, 129 young (132096K), 5 survivors (5120K)
 Metaspace       used 108550K, capacity 111133K, committed 111368K, reserved 1146880K
  class space    used 13896K, capacity 14949K, committed 15052K, reserved 1048576K
}
Event: 31.227 GC heap after
{Heap after GC invocations=35 (full 0):
 garbage-first heap   total 345088K, used 151040K [0x0000000080000000, 0x0000000100000000)
  region size 1024K, 6 young (6144K), 6 survivors (6144K)
 Metaspace       used 108550K, capacity 111133K, committed 111368K, reserved 1146880K
  class space    used 13896K, capacity 14949K, committed 15052K, reserved 1048576K
}
Event: 31.901 GC heap before
{Heap before GC invocations=35 (full 0):
 garbage-first heap   total 345088K, used 283136K [0x0000000080000000, 0x0000000100000000)
  region size 1024K, 135 young (138240K), 6 survivors (6144K)
 Metaspace       used 108822K, capacity 111518K, committed 111624K, reserved 1146880K
  class space    used 13930K, capacity 14986K, committed 15052K, reserved 1048576K
}
Event: 31.920 GC heap after
{Heap after GC invocations=36 (full 0):
 garbage-first heap   total 345088K, used 150787K [0x0000000080000000, 0x0000000100000000)
  region size 1024K, 6 young (6144K), 6 survivors (6144K)
 Metaspace       used 108822K, capacity 111518K, committed 111624K, reserved 1146880K
  class space    used 13930K, capacity 14986K, committed 15052K, reserved 1048576K
}
Event: 32.585 GC heap before
{Heap before GC invocations=36 (full 0):
 garbage-first heap   total 345088K, used 288003K [0x0000000080000000, 0x0000000100000000)
  region size 1024K, 140 young (143360K), 6 survivors (6144K)
 Metaspace       used 108853K, capacity 111519K, committed 111624K, reserved 1146880K
  class space    used 13930K, capacity 14986K, committed 15052K, reserved 1048576K
}
Event: 32.603 GC heap after
{Heap after GC invocations=37 (full 0):
 garbage-first heap   total 345088K, used 151040K [0x0000000080000000, 0x0000000100000000)
  region size 1024K, 6 young (6144K), 6 survivors (6144K)
 Metaspace       used 108853K, capacity 111519K, committed 111624K, reserved 1146880K
  class space    used 13930K, capacity 14986K, committed 15052K, reserved 1048576K
}
Event: 33.225 GC heap before
{Heap before GC invocations=37 (full 0):
 garbage-first heap   total 345088K, used 292352K [0x0000000080000000, 0x0000000100000000)
  region size 1024K, 144 young (147456K), 6 survivors (6144K)
 Metaspace       used 108887K, capacity 111597K, committed 111880K, reserved 1146880K
  class space    used 13933K, capacity 14991K, committed 15052K, reserved 1048576K
}
Event: 33.245 GC heap after
{Heap after GC invocations=38 (full 0):
 garbage-first heap   total 345088K, used 152064K [0x0000000080000000, 0x0000000100000000)
  region size 1024K, 7 young (7168K), 7 survivors (7168K)
 Metaspace       used 108887K, capacity 111597K, committed 111880K, reserved 1146880K
  class space    used 13933K, capacity 14991K, committed 15052K, reserved 1048576K
}
Event: 33.900 GC heap before
{Heap before GC invocations=38 (full 0):
 garbage-first heap   total 345088K, used 293376K [0x0000000080000000, 0x0000000100000000)
  region size 1024K, 145 young (148480K), 7 survivors (7168K)
 Metaspace       used 108918K, capacity 111607K, committed 111880K, reserved 1146880K
  class space    used 13935K, capacity 14994K, committed 15052K, reserved 1048576K
}
Event: 33.923 GC heap after
{Heap after GC invocations=39 (full 0):
 garbage-first heap   total 345088K, used 153006K [0x0000000080000000, 0x0000000100000000)
  region size 1024K, 8 young (8192K), 8 survivors (8192K)
 Metaspace       used 108918K, capacity 111607K, committed 111880K, reserved 1146880K
  class space    used 13935K, capacity 14994K, committed 15052K, reserved 1048576K
}
Event: 34.500 GC heap before
{Heap before GC invocations=39 (full 0):
 garbage-first heap   total 345088K, used 294318K [0x0000000080000000, 0x0000000100000000)
  region size 1024K, 146 young (149504K), 8 survivors (8192K)
 Metaspace       used 108957K, capacity 111619K, committed 111880K, reserved 1146880K
  class space    used 13937K, capacity 14997K, committed 15052K, reserved 1048576K
}
Event: 34.524 GC heap after
{Heap after GC invocations=40 (full 0):
 garbage-first heap   total 345088K, used 153795K [0x0000000080000000, 0x0000000100000000)
  region size 1024K, 9 young (9216K), 9 survivors (9216K)
 Metaspace       used 108957K, capacity 111619K, committed 111880K, reserved 1146880K
  class space    used 13937K, capacity 14997K, committed 15052K, reserved 1048576K
}
Event: 36.559 GC heap before
{Heap before GC invocations=40 (full 0):
 garbage-first heap   total 345088K, used 296131K [0x0000000080000000, 0x0000000100000000)
  region size 1024K, 148 young (151552K), 9 survivors (9216K)
 Metaspace       used 108976K, capacity 111619K, committed 111880K, reserved 1146880K
  class space    used 13937K, capacity 14997K, committed 15052K, reserved 1048576K
}
Event: 36.587 GC heap after
{Heap after GC invocations=41 (full 0):
 garbage-first heap   total 345088K, used 154112K [0x0000000080000000, 0x0000000100000000)
  region size 1024K, 9 young (9216K), 9 survivors (9216K)
 Metaspace       used 108976K, capacity 111619K, committed 111880K, reserved 1146880K
  class space    used 13937K, capacity 14997K, committed 15052K, reserved 1048576K
}
Event: 37.765 GC heap before
{Heap before GC invocations=41 (full 0):
 garbage-first heap   total 345088K, used 299520K [0x0000000080000000, 0x0000000100000000)
  region size 1024K, 151 young (154624K), 9 survivors (9216K)
 Metaspace       used 109086K, capacity 111766K, committed 111880K, reserved 1146880K
  class space    used 13939K, capacity 15001K, committed 15052K, reserved 1048576K
}
Event: 37.794 GC heap after
{Heap after GC invocations=42 (full 0):
 garbage-first heap   total 345088K, used 155136K [0x0000000080000000, 0x0000000100000000)
  region size 1024K, 10 young (10240K), 10 survivors (10240K)
 Metaspace       used 109086K, capacity 111766K, committed 111880K, reserved 1146880K
  class space    used 13939K, capacity 15001K, committed 15052K, reserved 1048576K
}
Event: 39.142 GC heap before
{Heap before GC invocations=42 (full 0):
 garbage-first heap   total 345088K, used 299520K [0x0000000080000000, 0x0000000100000000)
  region size 1024K, 151 young (154624K), 10 survivors (10240K)
 Metaspace       used 109115K, capacity 111767K, committed 111880K, reserved 1146880K
  class space    used 13939K, capacity 15001K, committed 15052K, reserved 1048576K
}

