# JRE version: OpenJDK Runtime Environment (11.0.12+7) (build 11.0.12+7-b1504.28-7817840)
# Java VM: OpenJDK 64-Bit Server VM (11.0.12+7-b1504.28-7817840, mixed mode, tiered, compressed oops, g1 gc, windows-amd64)
Heap:
 garbage-first heap   total 802816K, used 314880K [0x0000000080000000, 0x0000000100000000)
  region size 1024K, 8 young (8192K), 8 survivors (8192K)
 Metaspace       used 154067K, capacity 158457K, committed 158576K, reserved 1187840K
  class space    used 18833K, capacity 20445K, committed 20468K, reserved 1048576K
GC Heap History (20 events):
Event: 336.211 GC heap after
{Heap after GC invocations=76 (full 0):
 garbage-first heap   total 479232K, used 309801K [0x0000000080000000, 0x0000000100000000)
  region size 1024K, 7 young (7168K), 7 survivors (7168K)
 Metaspace       used 152651K, capacity 157155K, committed 157296K, reserved 1185792K
  class space    used 18703K, capacity 20344K, committed 20468K, reserved 1048576K
}
Event: 336.721 GC heap before
{Heap before GC invocations=76 (full 0):
 garbage-first heap   total 479232K, used 411177K [0x0000000080000000, 0x0000000100000000)
  region size 1024K, 106 young (108544K), 7 survivors (7168K)
 Metaspace       used 152654K, capacity 157156K, committed 157296K, reserved 1185792K
  class space    used 18703K, capacity 20344K, committed 20468K, reserved 1048576K
}
Event: 336.735 GC heap after
{Heap after GC invocations=77 (full 0):
 garbage-first heap   total 479232K, used 310132K [0x0000000080000000, 0x0000000100000000)
  region size 1024K, 7 young (7168K), 7 survivors (7168K)
 Metaspace       used 152654K, capacity 157156K, committed 157296K, reserved 1185792K
  class space    used 18703K, capacity 20344K, committed 20468K, reserved 1048576K
}
Event: 337.329 GC heap before
{Heap before GC invocations=77 (full 0):
 garbage-first heap   total 479232K, used 413556K [0x0000000080000000, 0x0000000100000000)
  region size 1024K, 109 young (111616K), 7 survivors (7168K)
 Metaspace       used 152664K, capacity 157157K, committed 157296K, reserved 1185792K
  class space    used 18703K, capacity 20344K, committed 20468K, reserved 1048576K
}
Event: 337.343 GC heap after
{Heap after GC invocations=78 (full 0):
 garbage-first heap   total 479232K, used 310146K [0x0000000080000000, 0x0000000100000000)
  region size 1024K, 7 young (7168K), 7 survivors (7168K)
 Metaspace       used 152664K, capacity 157157K, committed 157296K, reserved 1185792K
  class space    used 18703K, capacity 20344K, committed 20468K, reserved 1048576K
}
Event: 337.824 GC heap before
{Heap before GC invocations=78 (full 0):
 garbage-first heap   total 479232K, used 415618K [0x0000000080000000, 0x0000000100000000)
  region size 1024K, 111 young (113664K), 7 survivors (7168K)
 Metaspace       used 152664K, capacity 157157K, committed 157296K, reserved 1185792K
  class space    used 18704K, capacity 20344K, committed 20468K, reserved 1048576K
}
Event: 337.838 GC heap after
{Heap after GC invocations=79 (full 0):
 garbage-first heap   total 479232K, used 310930K [0x0000000080000000, 0x0000000100000000)
  region size 1024K, 8 young (8192K), 8 survivors (8192K)
 Metaspace       used 152664K, capacity 157157K, committed 157296K, reserved 1185792K
  class space    used 18704K, capacity 20344K, committed 20468K, reserved 1048576K
}
Event: 338.259 GC heap before
{Heap before GC invocations=79 (full 0):
 garbage-first heap   total 479232K, used 417426K [0x0000000080000000, 0x0000000100000000)
  region size 1024K, 112 young (114688K), 8 survivors (8192K)
 Metaspace       used 152666K, capacity 157157K, committed 157296K, reserved 1185792K
  class space    used 18704K, capacity 20344K, committed 20468K, reserved 1048576K
}
Event: 338.275 GC heap after
{Heap after GC invocations=80 (full 0):
 garbage-first heap   total 479232K, used 311295K [0x0000000080000000, 0x0000000100000000)
  region size 1024K, 8 young (8192K), 8 survivors (8192K)
 Metaspace       used 152666K, capacity 157157K, committed 157296K, reserved 1185792K
  class space    used 18704K, capacity 20344K, committed 20468K, reserved 1048576K
}
Event: 338.740 GC heap before
{Heap before GC invocations=80 (full 0):
 garbage-first heap   total 479232K, used 381951K [0x0000000080000000, 0x0000000100000000)
  region size 1024K, 51 young (52224K), 8 survivors (8192K)
 Metaspace       used 153112K, capacity 157539K, committed 157808K, reserved 1187840K
  class space    used 18765K, capacity 20385K, committed 20468K, reserved 1048576K
}
Event: 338.756 GC heap after
{Heap after GC invocations=81 (full 0):
 garbage-first heap   total 479232K, used 336229K [0x0000000080000000, 0x0000000100000000)
  region size 1024K, 12 young (12288K), 12 survivors (12288K)
 Metaspace       used 153112K, capacity 157539K, committed 157808K, reserved 1187840K
  class space    used 18765K, capacity 20385K, committed 20468K, reserved 1048576K
}
Event: 339.599 GC heap before
{Heap before GC invocations=82 (full 0):
 garbage-first heap   total 479232K, used 383333K [0x0000000080000000, 0x0000000100000000)
  region size 1024K, 91 young (93184K), 12 survivors (12288K)
 Metaspace       used 153514K, capacity 157887K, committed 158064K, reserved 1187840K
  class space    used 18789K, capacity 20394K, committed 20468K, reserved 1048576K
}
Event: 339.674 GC heap after
{Heap after GC invocations=83 (full 0):
 garbage-first heap   total 479232K, used 306576K [0x0000000080000000, 0x0000000100000000)
  region size 1024K, 12 young (12288K), 12 survivors (12288K)
 Metaspace       used 153514K, capacity 157887K, committed 158064K, reserved 1187840K
  class space    used 18789K, capacity 20394K, committed 20468K, reserved 1048576K
}
Event: 339.869 GC heap before
{Heap before GC invocations=83 (full 0):
 garbage-first heap   total 479232K, used 317840K [0x0000000080000000, 0x0000000100000000)
  region size 1024K, 23 young (23552K), 12 survivors (12288K)
 Metaspace       used 153579K, capacity 157960K, committed 158064K, reserved 1187840K
  class space    used 18789K, capacity 20394K, committed 20468K, reserved 1048576K
}
Event: 339.926 GC heap after
{Heap after GC invocations=84 (full 0):
 garbage-first heap   total 479232K, used 265119K [0x0000000080000000, 0x0000000100000000)
  region size 1024K, 3 young (3072K), 3 survivors (3072K)
 Metaspace       used 153579K, capacity 157960K, committed 158064K, reserved 1187840K
  class space    used 18789K, capacity 20394K, committed 20468K, reserved 1048576K
}
Event: 340.049 GC heap before
{Heap before GC invocations=84 (full 0):
 garbage-first heap   total 479232K, used 284575K [0x0000000080000000, 0x0000000100000000)
  region size 1024K, 23 young (23552K), 3 survivors (3072K)
 Metaspace       used 153594K, capacity 157971K, committed 158064K, reserved 1187840K
  class space    used 18791K, capacity 20397K, committed 20468K, reserved 1048576K
}
Event: 340.098 GC heap after
{Heap after GC invocations=85 (full 0):
 garbage-first heap   total 479232K, used 255488K [0x0000000080000000, 0x0000000100000000)
  region size 1024K, 3 young (3072K), 3 survivors (3072K)
 Metaspace       used 153594K, capacity 157971K, committed 158064K, reserved 1187840K
  class space    used 18791K, capacity 20397K, committed 20468K, reserved 1048576K
}
Event: 340.977 GC heap before
{Heap before GC invocations=85 (full 0):
 garbage-first heap   total 479232K, used 375295K [0x0000000080000000, 0x0000000100000000)
  region size 1024K, 121 young (123904K), 3 survivors (3072K)
 Metaspace       used 153799K, capacity 158138K, committed 158320K, reserved 1187840K
  class space    used 18812K, capacity 20404K, committed 20468K, reserved 1048576K
}
Event: 341.077 GC heap after
{Heap after GC invocations=86 (full 0):
 garbage-first heap   total 479232K, used 306176K [0x0000000080000000, 0x0000000100000000)
  region size 1024K, 16 young (16384K), 16 survivors (16384K)
 Metaspace       used 153799K, capacity 158138K, committed 158320K, reserved 1187840K
  class space    used 18812K, capacity 20404K, committed 20468K, reserved 1048576K
}
Event: 341.818 GC heap before
{Heap before GC invocations=86 (full 0):
 garbage-first heap   total 479232K, used 378880K [0x0000000080000000, 0x0000000100000000)
  region size 1024K, 88 young (90112K), 16 survivors (16384K)
 Metaspace       used 154067K, capacity 158457K, committed 158576K, reserved 1187840K
  class space    used 18833K, capacity 20445K, committed 20468K, reserved 1048576K
}

