# JRE version: OpenJDK Runtime Environment (11.0.12+7) (build 11.0.12+7-b1504.28-7817840)
# Java VM: OpenJDK 64-Bit Server VM (11.0.12+7-b1504.28-7817840, mixed mode, tiered, compressed oops, g1 gc, windows-amd64)
Heap:
 garbage-first heap   total 409600K, used 206127K [0x0000000080000000, 0x0000000100000000)
  region size 1024K, 2 young (2048K), 2 survivors (2048K)
 Metaspace       used 157505K, capacity 161606K, committed 161996K, reserved 1189888K
  class space    used 19145K, capacity 20538K, committed 20684K, reserved 1048576K
GC Heap History (20 events):
Event: 3000.202 GC heap after
{Heap after GC invocations=137 (full 0):
 garbage-first heap   total 335872K, used 208381K [0x0000000080000000, 0x0000000100000000)
  region size 1024K, 1 young (1024K), 1 survivors (1024K)
 Metaspace       used 157353K, capacity 161367K, committed 161740K, reserved 1189888K
  class space    used 19135K, capacity 20523K, committed 20684K, reserved 1048576K
}
Event: 3000.518 GC heap before
{Heap before GC invocations=137 (full 0):
 garbage-first heap   total 335872K, used 282109K [0x0000000080000000, 0x0000000100000000)
  region size 1024K, 73 young (74752K), 1 survivors (1024K)
 Metaspace       used 157359K, capacity 161431K, committed 161740K, reserved 1189888K
  class space    used 19135K, capacity 20523K, committed 20684K, reserved 1048576K
}
Event: 3000.525 GC heap after
{Heap after GC invocations=138 (full 0):
 garbage-first heap   total 335872K, used 208964K [0x0000000080000000, 0x0000000100000000)
  region size 1024K, 2 young (2048K), 2 survivors (2048K)
 Metaspace       used 157359K, capacity 161431K, committed 161740K, reserved 1189888K
  class space    used 19135K, capacity 20523K, committed 20684K, reserved 1048576K
}
Event: 3001.289 GC heap before
{Heap before GC invocations=138 (full 0):
 garbage-first heap   total 335872K, used 283716K [0x0000000080000000, 0x0000000100000000)
  region size 1024K, 75 young (76800K), 2 survivors (2048K)
 Metaspace       used 157380K, capacity 161496K, committed 161740K, reserved 1189888K
  class space    used 19135K, capacity 20523K, committed 20684K, reserved 1048576K
}
Event: 3001.299 GC heap after
{Heap after GC invocations=139 (full 0):
 garbage-first heap   total 335872K, used 209085K [0x0000000080000000, 0x0000000100000000)
  region size 1024K, 2 young (2048K), 2 survivors (2048K)
 Metaspace       used 157380K, capacity 161496K, committed 161740K, reserved 1189888K
  class space    used 19135K, capacity 20523K, committed 20684K, reserved 1048576K
}
Event: 3001.745 GC heap before
{Heap before GC invocations=140 (full 0):
 garbage-first heap   total 335872K, used 284861K [0x0000000080000000, 0x0000000100000000)
  region size 1024K, 76 young (77824K), 2 survivors (2048K)
 Metaspace       used 157404K, capacity 161519K, committed 161740K, reserved 1189888K
  class space    used 19140K, capacity 20531K, committed 20684K, reserved 1048576K
}
Event: 3001.760 GC heap after
{Heap after GC invocations=141 (full 0):
 garbage-first heap   total 335872K, used 209791K [0x0000000080000000, 0x0000000100000000)
  region size 1024K, 3 young (3072K), 3 survivors (3072K)
 Metaspace       used 157404K, capacity 161519K, committed 161740K, reserved 1189888K
  class space    used 19140K, capacity 20531K, committed 20684K, reserved 1048576K
}
Event: 3001.805 GC heap before
{Heap before GC invocations=141 (full 0):
 garbage-first heap   total 335872K, used 223103K [0x0000000080000000, 0x0000000100000000)
  region size 1024K, 16 young (16384K), 3 survivors (3072K)
 Metaspace       used 157408K, capacity 161519K, committed 161740K, reserved 1189888K
  class space    used 19140K, capacity 20531K, committed 20684K, reserved 1048576K
}
Event: 3001.830 GC heap after
{Heap after GC invocations=142 (full 0):
 garbage-first heap   total 335872K, used 207136K [0x0000000080000000, 0x0000000100000000)
  region size 1024K, 1 young (1024K), 1 survivors (1024K)
 Metaspace       used 157408K, capacity 161519K, committed 161740K, reserved 1189888K
  class space    used 19140K, capacity 20531K, committed 20684K, reserved 1048576K
}
Event: 3002.200 GC heap before
{Heap before GC invocations=142 (full 0):
 garbage-first heap   total 335872K, used 284960K [0x0000000080000000, 0x0000000100000000)
  region size 1024K, 77 young (78848K), 1 survivors (1024K)
 Metaspace       used 157429K, capacity 161521K, committed 161740K, reserved 1189888K
  class space    used 19141K, capacity 20532K, committed 20684K, reserved 1048576K
}
Event: 3002.207 GC heap after
{Heap after GC invocations=143 (full 0):
 garbage-first heap   total 335872K, used 207490K [0x0000000080000000, 0x0000000100000000)
  region size 1024K, 1 young (1024K), 1 survivors (1024K)
 Metaspace       used 157429K, capacity 161521K, committed 161740K, reserved 1189888K
  class space    used 19141K, capacity 20532K, committed 20684K, reserved 1048576K
}
Event: 3002.986 GC heap before
{Heap before GC invocations=143 (full 0):
 garbage-first heap   total 335872K, used 286338K [0x0000000080000000, 0x0000000100000000)
  region size 1024K, 78 young (79872K), 1 survivors (1024K)
 Metaspace       used 157440K, capacity 161523K, committed 161740K, reserved 1189888K
  class space    used 19141K, capacity 20532K, committed 20684K, reserved 1048576K
}
Event: 3002.996 GC heap after
{Heap after GC invocations=144 (full 0):
 garbage-first heap   total 335872K, used 207833K [0x0000000080000000, 0x0000000100000000)
  region size 1024K, 2 young (2048K), 2 survivors (2048K)
 Metaspace       used 157440K, capacity 161523K, committed 161740K, reserved 1189888K
  class space    used 19141K, capacity 20532K, committed 20684K, reserved 1048576K
}
Event: 3003.487 GC heap before
{Heap before GC invocations=145 (full 0):
 garbage-first heap   total 335872K, used 287705K [0x0000000080000000, 0x0000000100000000)
  region size 1024K, 80 young (81920K), 2 survivors (2048K)
 Metaspace       used 157465K, capacity 161596K, committed 161996K, reserved 1189888K
  class space    used 19143K, capacity 20535K, committed 20684K, reserved 1048576K
}
Event: 3003.497 GC heap after
{Heap after GC invocations=146 (full 0):
 garbage-first heap   total 335872K, used 208387K [0x0000000080000000, 0x0000000100000000)
  region size 1024K, 2 young (2048K), 2 survivors (2048K)
 Metaspace       used 157465K, capacity 161596K, committed 161996K, reserved 1189888K
  class space    used 19143K, capacity 20535K, committed 20684K, reserved 1048576K
}
Event: 3003.551 GC heap before
{Heap before GC invocations=146 (full 0):
 garbage-first heap   total 335872K, used 221699K [0x0000000080000000, 0x0000000100000000)
  region size 1024K, 16 young (16384K), 2 survivors (2048K)
 Metaspace       used 157470K, capacity 161597K, committed 161996K, reserved 1189888K
  class space    used 19143K, capacity 20535K, committed 20684K, reserved 1048576K
}
Event: 3003.569 GC heap after
{Heap after GC invocations=147 (full 0):
 garbage-first heap   total 335872K, used 205775K [0x0000000080000000, 0x0000000100000000)
  region size 1024K, 2 young (2048K), 2 survivors (2048K)
 Metaspace       used 157470K, capacity 161597K, committed 161996K, reserved 1189888K
  class space    used 19143K, capacity 20535K, committed 20684K, reserved 1048576K
}
Event: 3003.911 GC heap before
{Heap before GC invocations=147 (full 0):
 garbage-first heap   total 335872K, used 286671K [0x0000000080000000, 0x0000000100000000)
  region size 1024K, 81 young (82944K), 2 survivors (2048K)
 Metaspace       used 157478K, capacity 161605K, committed 161996K, reserved 1189888K
  class space    used 19145K, capacity 20538K, committed 20684K, reserved 1048576K
}
Event: 3003.922 GC heap after
{Heap after GC invocations=148 (full 0):
 garbage-first heap   total 335872K, used 205727K [0x0000000080000000, 0x0000000100000000)
  region size 1024K, 2 young (2048K), 2 survivors (2048K)
 Metaspace       used 157478K, capacity 161605K, committed 161996K, reserved 1189888K
  class space    used 19145K, capacity 20538K, committed 20684K, reserved 1048576K
}
Event: 3004.719 GC heap before
{Heap before GC invocations=148 (full 0):
 garbage-first heap   total 335872K, used 288671K [0x0000000080000000, 0x0000000100000000)
  region size 1024K, 83 young (84992K), 2 survivors (2048K)
 Metaspace       used 157505K, capacity 161606K, committed 161996K, reserved 1189888K
  class space    used 19145K, capacity 20538K, committed 20684K, reserved 1048576K
}

